<html>
<head>
<title>TestNG:  Test</title>
<link href="../testng.css" rel="stylesheet" type="text/css" />
<link href="../my-testng.css" rel="stylesheet" type="text/css" />

<style type="text/css">
.log { display: none;} 
.stack-trace { display: none;} 
</style>
<script type="text/javascript">
<!--
function flip(e) {
  current = e.style.display;
  if (current == 'block') {
    e.style.display = 'none';
    return 0;
  }
  else {
    e.style.display = 'block';
    return 1;
  }
}

function toggleBox(szDivId, elem, msg1, msg2)
{
  var res = -1;  if (document.getElementById) {
    res = flip(document.getElementById(szDivId));
  }
  else if (document.all) {
    // this is the way old msie versions work
    res = flip(document.all[szDivId]);
  }
  if(elem) {
    if(res == 0) elem.innerHTML = msg1; else elem.innerHTML = msg2;
  }

}

function toggleAllBoxes() {
  if (document.getElementsByTagName) {
    d = document.getElementsByTagName('div');
    for (i = 0; i < d.length; i++) {
      if (d[i].className == 'log') {
        flip(d[i]);
      }
    }
  }
}

// -->
</script>

</head>
<body>
<h2 align='center'>Test</h2><table border='1' align="center">
<tr>
<td>Tests passed/Failed/Skipped:</td><td>5/1/0</td>
</tr><tr>
<td>Started on:</td><td>Sat Jun 08 18:05:34 IST 2024</td>
</tr>
<tr><td>Total time:</td><td>13 seconds (13813 ms)</td>
</tr><tr>
<td>Included groups:</td><td></td>
</tr><tr>
<td>Excluded groups:</td><td></td>
</tr>
</table><p/>
<small><i>(Hover the method name to see the test class name)</i></small><p/>
<table width='100%' border='1' class='invocation-failed'>
<tr><td colspan='4' align='center'><b>FAILED TESTS</b></td></tr>
<tr><td><b>Test method</b></td>
<td width="30%"><b>Exception</b></td>
<td width="10%"><b>Time (seconds)</b></td>
<td><b>Instance</b></td>
</tr>
<tr>
<td title='org.testing.testScripts.TC4_PutRequest.testcase4()'><b>testcase4</b><br>Test class: org.testing.testScripts.TC4_PutRequest</td>
<td><div><pre>java.io.FileNotFoundException: ..\APIFWk\URI.properties (The system cannot find the path specified)
	at java.base/java.io.FileInputStream.open0(Native Method)
	at java.base/java.io.FileInputStream.open(FileInputStream.java:213)
	at java.base/java.io.FileInputStream.&lt;init&gt;(FileInputStream.java:152)
	at java.base/java.io.FileReader.&lt;init&gt;(FileReader.java:75)
	at org.testing.utilities.PropertiesHandle.LoadProperties(PropertiesHandle.java:16)
	at org.testing.testScripts.TC4_PutRequest.testcase4(TC4_PutRequest.java:18)
... Removed 23 stack frames</pre></div><a href='#' onClick='toggleBox("stack-trace1164692340", this, "Click to show all stack frames", "Click to hide stack frames")'>Click to show all stack frames</a>
<div class='stack-trace' id='stack-trace1164692340'><pre>java.io.FileNotFoundException: ..\APIFWk\URI.properties (The system cannot find the path specified)
	at java.base/java.io.FileInputStream.open0(Native Method)
	at java.base/java.io.FileInputStream.open(FileInputStream.java:213)
	at java.base/java.io.FileInputStream.&lt;init&gt;(FileInputStream.java:152)
	at java.base/java.io.FileReader.&lt;init&gt;(FileReader.java:75)
	at org.testing.utilities.PropertiesHandle.LoadProperties(PropertiesHandle.java:16)
	at org.testing.testScripts.TC4_PutRequest.testcase4(TC4_PutRequest.java:18)
	at java.base/jdk.internal.reflect.DirectMethodHandleAccessor.invoke(DirectMethodHandleAccessor.java:103)
	at java.base/java.lang.reflect.Method.invoke(Method.java:580)
	at org.testng.internal.MethodInvocationHelper.invokeMethod(MethodInvocationHelper.java:104)
	at org.testng.internal.Invoker.invokeMethod(Invoker.java:645)
	at org.testng.internal.Invoker.invokeTestMethod(Invoker.java:851)
	at org.testng.internal.Invoker.invokeTestMethods(Invoker.java:1177)
	at org.testng.internal.TestMethodWorker.invokeTestMethods(TestMethodWorker.java:129)
	at org.testng.internal.TestMethodWorker.run(TestMethodWorker.java:112)
	at org.testng.TestRunner.privateRun(TestRunner.java:756)
	at org.testng.TestRunner.run(TestRunner.java:610)
	at org.testng.SuiteRunner.runTest(SuiteRunner.java:387)
	at org.testng.SuiteRunner.runSequentially(SuiteRunner.java:382)
	at org.testng.SuiteRunner.privateRun(SuiteRunner.java:340)
	at org.testng.SuiteRunner.run(SuiteRunner.java:289)
	at org.testng.SuiteRunnerWorker.runSuite(SuiteRunnerWorker.java:52)
	at org.testng.SuiteRunnerWorker.run(SuiteRunnerWorker.java:86)
	at org.testng.TestNG.runSuitesSequentially(TestNG.java:1293)
	at org.testng.TestNG.runSuitesLocally(TestNG.java:1218)
	at org.testng.TestNG.runSuites(TestNG.java:1133)
	at org.testng.TestNG.run(TestNG.java:1104)
	at org.testng.remote.AbstractRemoteTestNG.run(AbstractRemoteTestNG.java:115)
	at org.testng.remote.RemoteTestNG.initAndRun(RemoteTestNG.java:293)
	at org.testng.remote.RemoteTestNG.main(RemoteTestNG.java:91)
</pre></div></td>
<td>0</td>
<td>org.testing.testScripts.TC4_PutRequest@6440112d</td></tr>
</table><p>
<table width='100%' border='1' class='invocation-passed'>
<tr><td colspan='4' align='center'><b>PASSED TESTS</b></td></tr>
<tr><td><b>Test method</b></td>
<td width="30%"><b>Exception</b></td>
<td width="10%"><b>Time (seconds)</b></td>
<td><b>Instance</b></td>
</tr>
<tr>
<td title='org.testing.testScripts.TC1_PostRequest.testcase1()'><b>testcase1</b><br>Test class: org.testing.testScripts.TC1_PostRequest</td>
<td></td>
<td>12</td>
<td>org.testing.testScripts.TC1_PostRequest@5b247367</td></tr>
<tr>
<td title='org.testing.testScripts.TC2_GetAllRequest.testcase2()'><b>testcase2</b><br>Test class: org.testing.testScripts.TC2_GetAllRequest</td>
<td></td>
<td>0</td>
<td>org.testing.testScripts.TC2_GetAllRequest@6c284af</td></tr>
<tr>
<td title='org.testing.testScripts.TC3_GetParticularRequest.testcase3()'><b>testcase3</b><br>Test class: org.testing.testScripts.TC3_GetParticularRequest</td>
<td></td>
<td>0</td>
<td>org.testing.testScripts.TC3_GetParticularRequest@5890e879</td></tr>
<tr>
<td title='org.testing.testScripts.TC5_deleteRequest.testcase5()'><b>testcase5</b><br>Test class: org.testing.testScripts.TC5_deleteRequest</td>
<td></td>
<td>0</td>
<td>org.testing.testScripts.TC5_deleteRequest@31ea9581</td></tr>
<tr>
<td title='org.testing.testScripts.TC6_GetRequest.testcase6()'><b>testcase6</b><br>Test class: org.testing.testScripts.TC6_GetRequest</td>
<td></td>
<td>0</td>
<td>org.testing.testScripts.TC6_GetRequest@231f98ef</td></tr>
</table><p>
</body>
</html>